{
    "e2e": {
        "testName": "item_name offer_price sale_price sale_units ",
        "sageRpc": {
            "sage": 0,
            "duration": 338000
        },
        "answerMetadataRpc": {
            "callosum": {
                "falcon": {
                    "duration": -1,
                    "detail": []
                },
                "serviceInvocTime": 274224,
                "postgres": {
                    "duration": 0,
                    "count": 0,
                    "connectionWaitTime": 0,
                    "connectionExceptionCount": 0,
                    "connectionAcquireFailCount": 0,
                    "queryTimeoutCount": 0
                },
                "memcacheAccessDetails": {
                    "totalTimeUs": 79165,
                    "totalGetTimeUs": 79164,
                    "totalSetTimeUs": 0,
                    "numCacheHits": 9,
                    "numCacheMisses": 0,
                    "numGetNetworkCalls": 8,
                    "numSetNetworkCalls": 0,
                    "numCacheObjectsRetrieved": 9,
                    "numObjectsAddedToCache": 0,
                    "numFlushes": 0,
                    "numCacheWarmerCalls": 0
                },
                "requestCacheAccessDetails": {
                    "totalTimeUs": 0,
                    "totalGetTimeUs": 0,
                    "totalSetTimeUs": 0,
                    "numCacheHits": 2,
                    "numCacheMisses": 9,
                    "numGetNetworkCalls": 0,
                    "numSetNetworkCalls": 0,
                    "numCacheObjectsRetrieved": 2,
                    "numObjectsAddedToCache": 0,
                    "numFlushes": 0,
                    "numCacheWarmerCalls": 0
                }
            },
            "duration": 318000
        },
        "answerDataRpc": {
            "HEADLINE+TABLE": {
                "callosum": {
                    "falcon": {
                        "duration": 15690437,
                        "detail": [
                            {
                                "Sheet::bfaee9fa-ed80-42b2-8a55-dbce5b4b01ac": [
                                    {
                                        "Viz::82cc7624-d02f-422a-afdd-64f52073a02c": [
                                            {
                                                "TABLE": {
                                                    "rowCount": 1000,
                                                    "columnCount": 4,
                                                    "queryTime": 15502000
                                                }
                                            }
                                        ]
                                    }
                                ]
                            }
                        ]
                    },
                    "serviceInvocTime": 15903882,
                    "postgres": {
                        "duration": 0,
                        "count": 0,
                        "connectionWaitTime": 0,
                        "connectionExceptionCount": 0,
                        "connectionAcquireFailCount": 0,
                        "queryTimeoutCount": 0
                    },
                    "memcacheAccessDetails": {
                        "totalTimeUs": 50047,
                        "totalGetTimeUs": 50046,
                        "totalSetTimeUs": 0,
                        "numCacheHits": 7,
                        "numCacheMisses": 0,
                        "numGetNetworkCalls": 6,
                        "numSetNetworkCalls": 0,
                        "numCacheObjectsRetrieved": 7,
                        "numObjectsAddedToCache": 0,
                        "numFlushes": 0,
                        "numCacheWarmerCalls": 0
                    },
                    "requestCacheAccessDetails": {
                        "totalTimeUs": 0,
                        "totalGetTimeUs": 0,
                        "totalSetTimeUs": 0,
                        "numCacheHits": 22,
                        "numCacheMisses": 7,
                        "numGetNetworkCalls": 0,
                        "numSetNetworkCalls": 0,
                        "numCacheObjectsRetrieved": 22,
                        "numObjectsAddedToCache": 0,
                        "numFlushes": 0,
                        "numCacheWarmerCalls": 0
                    }
                },
                "duration": 16015000
            }
        },
        "answerRendering": {},
        "pinboardRendering": {},
        "genericMetrics": {}
    }
}