{
    "e2e": {
        "testName": "item_name offer_price purchase_price offer_iattr_1k sort by sum offer_iattr_1k descending ",
        "sageRpc": {
            "sage": 0,
            "duration": 366000
        },
        "answerMetadataRpc": {
            "callosum": {
                "falcon": {
                    "duration": -1,
                    "detail": []
                },
                "serviceInvocTime": 186684,
                "postgres": {
                    "duration": 0,
                    "count": 0,
                    "connectionWaitTime": 0,
                    "connectionExceptionCount": 0,
                    "connectionAcquireFailCount": 0,
                    "queryTimeoutCount": 0
                },
                "memcacheAccessDetails": {
                    "totalTimeUs": 44911,
                    "totalGetTimeUs": 44910,
                    "totalSetTimeUs": 0,
                    "numCacheHits": 9,
                    "numCacheMisses": 0,
                    "numGetNetworkCalls": 8,
                    "numSetNetworkCalls": 0,
                    "numCacheObjectsRetrieved": 9,
                    "numObjectsAddedToCache": 0,
                    "numFlushes": 0,
                    "numCacheWarmerCalls": 0
                },
                "requestCacheAccessDetails": {
                    "totalTimeUs": 0,
                    "totalGetTimeUs": 0,
                    "totalSetTimeUs": 0,
                    "numCacheHits": 2,
                    "numCacheMisses": 9,
                    "numGetNetworkCalls": 0,
                    "numSetNetworkCalls": 0,
                    "numCacheObjectsRetrieved": 2,
                    "numObjectsAddedToCache": 0,
                    "numFlushes": 0,
                    "numCacheWarmerCalls": 0
                }
            },
            "duration": 210000
        },
        "answerDataRpc": {
            "HEADLINE+TABLE": {
                "callosum": {
                    "falcon": {
                        "duration": 10173938,
                        "detail": [
                            {
                                "Sheet::0ad712e1-5b34-470a-8920-44110e6a6352": [
                                    {
                                        "Viz::785977c7-23b3-47a0-a150-2cb77f4f3c61": [
                                            {
                                                "TABLE": {
                                                    "rowCount": 1000,
                                                    "columnCount": 4,
                                                    "queryTime": 9947000
                                                }
                                            }
                                        ]
                                    }
                                ]
                            }
                        ]
                    },
                    "serviceInvocTime": 10374373,
                    "postgres": {
                        "duration": 0,
                        "count": 0,
                        "connectionWaitTime": 0,
                        "connectionExceptionCount": 0,
                        "connectionAcquireFailCount": 0,
                        "queryTimeoutCount": 0
                    },
                    "memcacheAccessDetails": {
                        "totalTimeUs": 45273,
                        "totalGetTimeUs": 45271,
                        "totalSetTimeUs": 0,
                        "numCacheHits": 7,
                        "numCacheMisses": 0,
                        "numGetNetworkCalls": 6,
                        "numSetNetworkCalls": 0,
                        "numCacheObjectsRetrieved": 7,
                        "numObjectsAddedToCache": 0,
                        "numFlushes": 0,
                        "numCacheWarmerCalls": 0
                    },
                    "requestCacheAccessDetails": {
                        "totalTimeUs": 0,
                        "totalGetTimeUs": 0,
                        "totalSetTimeUs": 0,
                        "numCacheHits": 22,
                        "numCacheMisses": 7,
                        "numGetNetworkCalls": 0,
                        "numSetNetworkCalls": 0,
                        "numCacheObjectsRetrieved": 22,
                        "numObjectsAddedToCache": 0,
                        "numFlushes": 0,
                        "numCacheWarmerCalls": 0
                    }
                },
                "duration": 10485000
            }
        },
        "answerRendering": {},
        "pinboardRendering": {},
        "genericMetrics": {}
    }
}